18:20:16: Creating resource group General
18:20:16: Creating resource group OgreInternal
18:20:16: Creating resource group OgreAutodetect
18:20:16: Registering ResourceManager for type Mesh
18:20:16: Registering ResourceManager for type Material
18:20:16: Registering ResourceManager for type Skeleton
18:20:16: XMLMeshSerializer reading mesh data from /home/kevin/A/ComputacionGrafica/Project/project/assets/model/helicopter/Cylinder.002.mesh.xml...
18:20:16: Reading geometry...
18:20:16: Geometry done...
18:20:16: Reading submeshes...
18:20:16: Submeshes done.
18:20:16: Reading mesh names...
18:20:16: Mesh names done.
18:20:16: XMLMeshSerializer import successful.
18:20:16: MeshSerializer writing mesh data to stream /home/kevin/A/ComputacionGrafica/Project/project/assets/model/helicopter/Cylinder.002.mesh...
18:20:16: File header written.
18:20:16: Writing mesh data...
18:20:16: Writing submesh...
18:20:16: Exporting submesh texture aliases...
18:20:16: Submesh texture aliases exported.
18:20:16: Submesh exported.
18:20:16: Writing submesh...
18:20:16: Exporting submesh texture aliases...
18:20:16: Submesh texture aliases exported.
18:20:16: Submesh exported.
18:20:16: Writing submesh...
18:20:16: Exporting submesh texture aliases...
18:20:16: Submesh texture aliases exported.
18:20:16: Submesh exported.
18:20:16: Writing submesh...
18:20:16: Exporting submesh texture aliases...
18:20:16: Submesh texture aliases exported.
18:20:16: Submesh exported.
18:20:16: Exporting bounds information....
18:20:16: Bounds information exported.
18:20:16: Exporting submesh name table...
18:20:16: Submesh name table exported.
18:20:16: Mesh data exported.
18:20:16: MeshSerializer export successful.
18:20:16: Unregistering ResourceManager for type Skeleton
18:20:16: Unregistering ResourceManager for type Material
18:20:16: Unregistering ResourceManager for type Mesh
